<?xml version="1.0" encoding="UTF-8"?>
<testsuite name="com.example.codingevents.CodingEventsApplicationTests" tests="1" skipped="0" failures="0" errors="0" timestamp="2023-03-02T23:56:03" hostname="Ammars-MBP-2.attlocal.net" time="0.262">
  <properties/>
  <testcase name="contextLoads()" classname="com.example.codingevents.CodingEventsApplicationTests" time="0.262"/>
  <system-out><![CDATA[17:55:55.871 [Test worker] DEBUG org.springframework.boot.test.context.SpringBootTestContextBootstrapper - Neither @ContextConfiguration nor @ContextHierarchy found for test class [CodingEventsApplicationTests]: using SpringBootContextLoader
17:55:55.886 [Test worker] DEBUG org.springframework.test.context.support.AbstractContextLoader - Could not detect default resource locations for test class [com.example.codingevents.CodingEventsApplicationTests]: no resource found for suffixes {-context.xml, Context.groovy}.
17:55:55.893 [Test worker] INFO org.springframework.test.context.support.AnnotationConfigContextLoaderUtils - Could not detect default configuration classes for test class [com.example.codingevents.CodingEventsApplicationTests]: CodingEventsApplicationTests does not declare any static, non-private, non-final, nested classes annotated with @Configuration.
17:55:55.940 [Test worker] DEBUG org.springframework.boot.test.context.SpringBootTestContextBootstrapper - Using ContextCustomizers for test class [CodingEventsApplicationTests]: [DisableObservabilityContextCustomizer, PropertyMappingContextCustomizer, Customizer, ExcludeFilterContextCustomizer, DuplicateJsonObjectContextCustomizer, MockitoContextCustomizer, TestRestTemplateContextCustomizer]
17:55:56.050 [Test worker] DEBUG org.springframework.context.annotation.ClassPathScanningCandidateComponentProvider - Identified candidate component class: file [/Users/Ammar/Documents/Strategio/java-practice/fp-sim7-rhythm-bytes/build/classes/java/main/com/example/codingevents/CodingEventsApplication.class]
17:55:56.054 [Test worker] INFO org.springframework.boot.test.context.SpringBootTestContextBootstrapper - Found @SpringBootConfiguration com.example.codingevents.CodingEventsApplication for test class com.example.codingevents.CodingEventsApplicationTests
17:55:56.266 [Test worker] DEBUG org.springframework.boot.test.context.SpringBootTestContextBootstrapper - Using TestExecutionListeners for test class [CodingEventsApplicationTests]: [ServletTestExecutionListener, DirtiesContextBeforeModesTestExecutionListener, ApplicationEventsTestExecutionListener, MockitoTestExecutionListener, DependencyInjectionTestExecutionListener, DirtiesContextTestExecutionListener, TransactionalTestExecutionListener, SqlScriptsTestExecutionListener, EventPublishingTestExecutionListener, RestDocsTestExecutionListener, MockRestServiceServerResetTestExecutionListener, MockMvcPrintOnlyOnFailureTestExecutionListener, WebDriverTestExecutionListener, MockWebServiceServerTestExecutionListener, ResetMocksTestExecutionListener]
17:55:56.269 [Test worker] DEBUG org.springframework.test.context.support.AbstractDirtiesContextTestExecutionListener - Before test class: class [CodingEventsApplicationTests], class annotated with @DirtiesContext [false] with mode [null]

  .   ____          _            __ _ _
 /\\ / ___'_ __ _ _(_)_ __  __ _ \ \ \ \
( ( )\___ | '_ | '_| | '_ \/ _` | \ \ \ \
 \\/  ___)| |_)| | | | | || (_| |  ) ) ) )
  '  |____| .__|_| |_|_| |_\__, | / / / /
 =========|_|==============|___/=/_/_/_/
 :: Spring Boot ::                (v3.0.2)

2023-03-02T17:55:56.777-06:00  INFO 93704 --- [    Test worker] c.e.c.CodingEventsApplicationTests       : Starting CodingEventsApplicationTests using Java 17.0.5 with PID 93704 (started by Ammar in /Users/Ammar/Documents/Strategio/java-practice/fp-sim7-rhythm-bytes)
2023-03-02T17:55:56.781-06:00  INFO 93704 --- [    Test worker] c.e.c.CodingEventsApplicationTests       : No active profile set, falling back to 1 default profile: "default"
2023-03-02T17:55:57.990-06:00  INFO 93704 --- [    Test worker] .s.d.r.c.RepositoryConfigurationDelegate : Bootstrapping Spring Data JPA repositories in DEFAULT mode.
2023-03-02T17:55:58.057-06:00  INFO 93704 --- [    Test worker] .s.d.r.c.RepositoryConfigurationDelegate : Finished Spring Data repository scanning in 56 ms. Found 1 JPA repository interfaces.
2023-03-02T17:55:58.738-06:00  INFO 93704 --- [    Test worker] o.hibernate.jpa.internal.util.LogHelper  : HHH000204: Processing PersistenceUnitInfo [name: default]
2023-03-02T17:55:58.794-06:00  INFO 93704 --- [    Test worker] org.hibernate.Version                    : HHH000412: Hibernate ORM core version 6.1.6.Final
2023-03-02T17:55:58.984-06:00  WARN 93704 --- [    Test worker] org.hibernate.orm.deprecation            : HHH90000021: Encountered deprecated setting [javax.persistence.sharedCache.mode], use [jakarta.persistence.sharedCache.mode] instead
2023-03-02T17:55:59.141-06:00  INFO 93704 --- [    Test worker] com.zaxxer.hikari.HikariDataSource       : HikariPool-1 - Starting...
2023-03-02T17:56:00.556-06:00  INFO 93704 --- [    Test worker] com.zaxxer.hikari.pool.HikariPool        : HikariPool-1 - Added connection com.mysql.cj.jdbc.ConnectionImpl@3ac0a14b
2023-03-02T17:56:00.559-06:00  INFO 93704 --- [    Test worker] com.zaxxer.hikari.HikariDataSource       : HikariPool-1 - Start completed.
2023-03-02T17:56:00.584-06:00  INFO 93704 --- [    Test worker] SQL dialect                              : HHH000400: Using dialect: org.hibernate.dialect.MySQL8Dialect
2023-03-02T17:56:00.585-06:00  WARN 93704 --- [    Test worker] org.hibernate.orm.deprecation            : HHH90000026: MySQL8Dialect has been deprecated; use org.hibernate.dialect.MySQLDialect instead
2023-03-02T17:56:01.908-06:00  INFO 93704 --- [    Test worker] o.h.e.t.j.p.i.JtaPlatformInitiator       : HHH000490: Using JtaPlatform implementation: [org.hibernate.engine.transaction.jta.platform.internal.NoJtaPlatform]
2023-03-02T17:56:01.918-06:00  INFO 93704 --- [    Test worker] j.LocalContainerEntityManagerFactoryBean : Initialized JPA EntityManagerFactory for persistence unit 'default'
2023-03-02T17:56:02.478-06:00  WARN 93704 --- [    Test worker] JpaBaseConfiguration$JpaWebConfiguration : spring.jpa.open-in-view is enabled by default. Therefore, database queries may be performed during view rendering. Explicitly configure spring.jpa.open-in-view to disable this warning
2023-03-02T17:56:02.760-06:00  INFO 93704 --- [    Test worker] o.s.b.a.w.s.WelcomePageHandlerMapping    : Adding welcome page template: index
2023-03-02T17:56:03.045-06:00  INFO 93704 --- [    Test worker] c.e.c.CodingEventsApplicationTests       : Started CodingEventsApplicationTests in 6.708 seconds (process running for 9.201)
]]></system-out>
  <system-err><![CDATA[]]></system-err>
</testsuite>
